2024-09-16 20:19:36,668 : INFO : root : Loading config.
2024-09-16 20:19:36,670 : INFO : YamlMultifileConfigLoader : Machine config file #1: config.yaml
2024-09-16 20:19:36,670 : WARNING : ConfigProcessor : Config file in cache changed: /home/pinball/Documents/robowar/config/config.yaml
2024-09-16 20:19:36,670 : INFO : ConfigProcessor : Loading config from file /home/pinball/mpfenv/lib/python3.12/site-packages/mpf/mpfconfig.yaml.
2024-09-16 20:19:36,679 : INFO : ConfigProcessor : Loading config: /home/pinball/mpfenv/lib/python3.12/site-packages/mpf/mpfconfig.yaml
2024-09-16 20:19:36,679 : INFO : ConfigProcessor : Loading config from file /home/pinball/Documents/robowar/config/config.yaml.
2024-09-16 20:19:36,681 : INFO : ConfigProcessor : Loading config: /home/pinball/Documents/robowar/config/config.yaml
2024-09-16 20:19:36,682 : INFO : ConfigProcessor : Config file cache created: /tmp/228763e525bfce5a238e0b1bd6dd6347.mpf_cache
2024-09-16 20:19:36,711 : INFO : ConfigProcessor : Loading config from cache: /tmp/8973a6dc4f28e221c9999ded5d94a924.mpf_cache
2024-09-16 20:19:36,712 : INFO : ConfigProcessor : Loading config from cache: /tmp/630a60b96e3d9b5031cbb1e5fa5514c1.mpf_cache
2024-09-16 20:19:36,712 : INFO : Machine : Mission Pinball Framework Core Engine v0.80.0.dev4
2024-09-16 20:19:36,712 : INFO : Machine : Command line arguments: {'no_load_cache': False, 'create_config_cache': True, 'bcp': False, 'configfile': ['config.yaml'], 'force_assets_load': False, 'platform_integration_test': False, 'jsonlogging': False, 'logfile': 'logs/2024-09-16-20-19-36-mpf-mpf.log', 'pause': False, 'production': False, 'text_ui': True, 'loglevel': 15, 'consoleloglevel': 20, 'force_platform': None, 'syslog_address': None, 'mc_file_name': None, 'no_sound': False, 'full_logfile_path': '/home/pinball/Documents/robowar/logs/2024-09-16-20-19-36-mpf-mpf.log'}
2024-09-16 20:19:36,712 : INFO : Machine : MPF path: /home/pinball/mpfenv/lib/python3.12/site-packages/mpf
2024-09-16 20:19:36,712 : INFO : Machine : Machine path: /home/pinball/Documents/robowar
2024-09-16 20:19:36,712 : INFO : Machine : Platform: linux
2024-09-16 20:19:36,712 : INFO : Machine : Python executable location: /home/pinball/mpfenv/bin/python3
2024-09-16 20:19:36,712 : INFO : Machine : Python version: 3.12.3 (64-bit)
2024-09-16 20:19:36,713 : INFO : Machine : Initializing MPF...
2024-09-16 20:19:36,757 : INFO : lisy : Connecting to /dev/ttyACM0 at 115200bps
2024-09-16 20:19:36,864 : INFO : EventManager : Event: ======'machine_var_lisy_hardware'====== Args={'value': 'LISY80', 'prev_value': None, 'change': True}
2024-09-16 20:19:36,865 : INFO : EventManager : Event: ======'machine_var_lisy_version'====== Args={'value': '5.26 ', 'prev_value': None, 'change': True}
2024-09-16 20:19:36,865 : INFO : EventManager : Event: ======'machine_var_lisy_api_version'====== Args={'value': b'0.09', 'prev_value': None, 'change': True}
2024-09-16 20:19:36,919 : INFO : EventManager : Event: ======'machine_var_credits_string'====== Args={'value': 'FREE PLAY', 'prev_value': None, 'change': True}
2024-09-16 20:19:36,926 : INFO : EventManager : Event: ======'machine_var_master_volume'====== Args={'value': 0.5, 'prev_value': None, 'change': True}
2024-09-16 20:19:36,926 : INFO : EventManager : Event: ======'machine_var_mpf_version'====== Args={'value': 'Mission Pinball Framework v0.80.0.dev4', 'prev_value': None, 'change': True}
2024-09-16 20:19:36,926 : INFO : EventManager : Event: ======'machine_var_mpf_extended_version'====== Args={'value': 'Mission Pinball Framework v0.80.0.dev4, Config version:6, Show version: 6, BCP version:1.1', 'prev_value': None, 'change': True}
2024-09-16 20:19:36,927 : INFO : EventManager : Event: ======'machine_var_python_version'====== Args={'value': '3.12.3', 'prev_value': None, 'change': True}
2024-09-16 20:19:36,928 : INFO : EventManager : Event: ======'machine_var_platform'====== Args={'value': 'Linux-6.8.0-38-generic-x86_64-with-glibc2.39', 'prev_value': None, 'change': True}
2024-09-16 20:19:36,928 : INFO : EventManager : Event: ======'machine_var_platform_system'====== Args={'value': 'Linux', 'prev_value': None, 'change': True}
2024-09-16 20:19:36,928 : INFO : EventManager : Event: ======'machine_var_platform_release'====== Args={'value': '6.8.0-38-generic', 'prev_value': None, 'change': True}
2024-09-16 20:19:36,928 : INFO : EventManager : Event: ======'machine_var_platform_version'====== Args={'value': '#38-Ubuntu SMP PREEMPT_DYNAMIC Fri Jun  7 15:25:01 UTC 2024', 'prev_value': None, 'change': True}
2024-09-16 20:19:36,928 : INFO : EventManager : Event: ======'machine_var_platform_machine'====== Args={'value': 'x86_64', 'prev_value': None, 'change': True}
2024-09-16 20:19:36,928 : INFO : EventManager : Event: ======'machine_var_log_file_path'====== Args={'value': '/home/pinball/Documents/robowar/logs/2024-09-16-20-19-36-mpf-mpf.log', 'prev_value': None, 'change': True}
2024-09-16 20:19:36,928 : INFO : EventManager : Event: ======'init_phase_1'====== Args={}
2024-09-16 20:19:36,934 : WARNING : segment_display.player1_display : Segment display update_method will default to 'replace' in a future MPF release. You have no config value specified and are currently getting 'stack' for backwards compatibility. To avoid a breaking change, please set 'update_method: "stack"' in your segment display config.
2024-09-16 20:19:36,934 : WARNING : segment_display.player2_display : Segment display update_method will default to 'replace' in a future MPF release. You have no config value specified and are currently getting 'stack' for backwards compatibility. To avoid a breaking change, please set 'update_method: "stack"' in your segment display config.
2024-09-16 20:19:36,934 : WARNING : segment_display.player3_display : Segment display update_method will default to 'replace' in a future MPF release. You have no config value specified and are currently getting 'stack' for backwards compatibility. To avoid a breaking change, please set 'update_method: "stack"' in your segment display config.
2024-09-16 20:19:36,934 : WARNING : segment_display.player4_display : Segment display update_method will default to 'replace' in a future MPF release. You have no config value specified and are currently getting 'stack' for backwards compatibility. To avoid a breaking change, please set 'update_method: "stack"' in your segment display config.
2024-09-16 20:19:36,938 : ERROR : asyncio : Task exception was never retrieved
future: <Task finished name='Task-57' coro=<SystemWideDevice.device_added_system_wide() done, defined at /home/pinball/mpfenv/lib/python3.12/site-packages/mpf/core/system_wide_device.py:15> exception=AssertionError('Error in platform while configuring segment display player1_display. See error above.')>
Traceback (most recent call last):
  File "/home/pinball/mpfenv/lib/python3.12/site-packages/mpf/devices/segment_display/segment_display.py", line 94, in _initialize
    self.hw_display = await self.platform.configure_segment_display(self.config['number'],
                      ^^^^^^^^^^^^^^^^^^^^^^^^^^^^^^^^^^^^^^^^^^^^^^^^^^^^^^^^^^^^^^^^^^^^
  File "/home/pinball/mpfenv/lib/python3.12/site-packages/mpf/platforms/lisy/lisy.py", line 772, in configure_segment_display
    await display.initialize()
  File "/home/pinball/mpfenv/lib/python3.12/site-packages/mpf/platforms/lisy/lisy.py", line 202, in initialize
    raise AssertionError("Display {} is configured as length {} but hardware reports as {}.".format(
AssertionError: Display 1 is configured as length 8 but hardware reports as 20.

The above exception was the direct cause of the following exception:

Traceback (most recent call last):
  File "/home/pinball/mpfenv/lib/python3.12/site-packages/mpf/core/system_wide_device.py", line 17, in device_added_system_wide
    await self._initialize()
  File "/home/pinball/mpfenv/lib/python3.12/site-packages/mpf/devices/segment_display/segment_display.py", line 98, in _initialize
    raise AssertionError("Error in platform while configuring segment display {}. "
AssertionError: Error in platform while configuring segment display player1_display. See error above.
2024-09-16 20:19:36,938 : ERROR : asyncio : Task exception was never retrieved
future: <Task finished name='Task-58' coro=<SystemWideDevice.device_added_system_wide() done, defined at /home/pinball/mpfenv/lib/python3.12/site-packages/mpf/core/system_wide_device.py:15> exception=AssertionError('Error in platform while configuring segment display player2_display. See error above.')>
Traceback (most recent call last):
  File "/home/pinball/mpfenv/lib/python3.12/site-packages/mpf/devices/segment_display/segment_display.py", line 94, in _initialize
    self.hw_display = await self.platform.configure_segment_display(self.config['number'],
                      ^^^^^^^^^^^^^^^^^^^^^^^^^^^^^^^^^^^^^^^^^^^^^^^^^^^^^^^^^^^^^^^^^^^^
  File "/home/pinball/mpfenv/lib/python3.12/site-packages/mpf/platforms/lisy/lisy.py", line 772, in configure_segment_display
    await display.initialize()
  File "/home/pinball/mpfenv/lib/python3.12/site-packages/mpf/platforms/lisy/lisy.py", line 202, in initialize
    raise AssertionError("Display {} is configured as length {} but hardware reports as {}.".format(
AssertionError: Display 2 is configured as length 7 but hardware reports as 20.

The above exception was the direct cause of the following exception:

Traceback (most recent call last):
  File "/home/pinball/mpfenv/lib/python3.12/site-packages/mpf/core/system_wide_device.py", line 17, in device_added_system_wide
    await self._initialize()
  File "/home/pinball/mpfenv/lib/python3.12/site-packages/mpf/devices/segment_display/segment_display.py", line 98, in _initialize
    raise AssertionError("Error in platform while configuring segment display {}. "
AssertionError: Error in platform while configuring segment display player2_display. See error above.
2024-09-16 20:19:36,939 : ERROR : asyncio : Task exception was never retrieved
future: <Task finished name='Task-59' coro=<SystemWideDevice.device_added_system_wide() done, defined at /home/pinball/mpfenv/lib/python3.12/site-packages/mpf/core/system_wide_device.py:15> exception=AssertionError('Error in platform while configuring segment display player3_display. See error above.')>
Traceback (most recent call last):
  File "/home/pinball/mpfenv/lib/python3.12/site-packages/mpf/devices/segment_display/segment_display.py", line 94, in _initialize
    self.hw_display = await self.platform.configure_segment_display(self.config['number'],
                      ^^^^^^^^^^^^^^^^^^^^^^^^^^^^^^^^^^^^^^^^^^^^^^^^^^^^^^^^^^^^^^^^^^^^
  File "/home/pinball/mpfenv/lib/python3.12/site-packages/mpf/platforms/lisy/lisy.py", line 772, in configure_segment_display
    await display.initialize()
  File "/home/pinball/mpfenv/lib/python3.12/site-packages/mpf/platforms/lisy/lisy.py", line 202, in initialize
    raise AssertionError("Display {} is configured as length {} but hardware reports as {}.".format(
AssertionError: Display 3 is configured as length 7 but hardware reports as 0.

The above exception was the direct cause of the following exception:

Traceback (most recent call last):
  File "/home/pinball/mpfenv/lib/python3.12/site-packages/mpf/core/system_wide_device.py", line 17, in device_added_system_wide
    await self._initialize()
  File "/home/pinball/mpfenv/lib/python3.12/site-packages/mpf/devices/segment_display/segment_display.py", line 98, in _initialize
    raise AssertionError("Error in platform while configuring segment display {}. "
AssertionError: Error in platform while configuring segment display player3_display. See error above.
2024-09-16 20:19:36,939 : ERROR : asyncio : Task exception was never retrieved
future: <Task finished name='Task-60' coro=<SystemWideDevice.device_added_system_wide() done, defined at /home/pinball/mpfenv/lib/python3.12/site-packages/mpf/core/system_wide_device.py:15> exception=AssertionError('Error in platform while configuring segment display player4_display. See error above.')>
Traceback (most recent call last):
  File "/home/pinball/mpfenv/lib/python3.12/site-packages/mpf/devices/segment_display/segment_display.py", line 94, in _initialize
    self.hw_display = await self.platform.configure_segment_display(self.config['number'],
                      ^^^^^^^^^^^^^^^^^^^^^^^^^^^^^^^^^^^^^^^^^^^^^^^^^^^^^^^^^^^^^^^^^^^^
  File "/home/pinball/mpfenv/lib/python3.12/site-packages/mpf/platforms/lisy/lisy.py", line 772, in configure_segment_display
    await display.initialize()
  File "/home/pinball/mpfenv/lib/python3.12/site-packages/mpf/platforms/lisy/lisy.py", line 202, in initialize
    raise AssertionError("Display {} is configured as length {} but hardware reports as {}.".format(
AssertionError: Display 4 is configured as length 7 but hardware reports as 0.

The above exception was the direct cause of the following exception:

Traceback (most recent call last):
  File "/home/pinball/mpfenv/lib/python3.12/site-packages/mpf/core/system_wide_device.py", line 17, in device_added_system_wide
    await self._initialize()
  File "/home/pinball/mpfenv/lib/python3.12/site-packages/mpf/devices/segment_display/segment_display.py", line 98, in _initialize
    raise AssertionError("Error in platform while configuring segment display {}. "
AssertionError: Error in platform while configuring segment display player4_display. See error above.
2024-09-16 20:19:36,940 : INFO : EventManager : Event: ======'init_phase_2'====== Args={}
2024-09-16 20:19:36,940 : INFO : Machine : Starting the main run loop.
2024-09-16 20:19:36,940 : INFO : Machine : Shutting down...
2024-09-16 20:19:36,941 : INFO : EventManager : Event: ======'shutdown'====== Args={}
2024-09-16 20:19:36,941 : INFO : SwitchController : Found active switch: ('40', <mpf.platforms.lisy.lisy.LisyHardwarePlatform object at 0x73b1ee19cdd0>) <switch.s_1_top_target>
2024-09-16 20:19:36,941 : INFO : SwitchController : Found active switch: ('41', <mpf.platforms.lisy.lisy.LisyHardwarePlatform object at 0x73b1ee19cdd0>) <switch.s_1_right_target>
2024-09-16 20:19:36,941 : INFO : SwitchController : Found active switch: ('42', <mpf.platforms.lisy.lisy.LisyHardwarePlatform object at 0x73b1ee19cdd0>) <switch.s_1_center_target>
2024-09-16 20:19:36,941 : INFO : SwitchController : Found active switch: ('43', <mpf.platforms.lisy.lisy.LisyHardwarePlatform object at 0x73b1ee19cdd0>) <switch.s_1_left_target>
2024-09-16 20:19:36,941 : INFO : SwitchController : Found active switch: ('50', <mpf.platforms.lisy.lisy.LisyHardwarePlatform object at 0x73b1ee19cdd0>) <switch.s_2_top_target>
2024-09-16 20:19:36,941 : INFO : SwitchController : Found active switch: ('51', <mpf.platforms.lisy.lisy.LisyHardwarePlatform object at 0x73b1ee19cdd0>) <switch.s_2_right_target>
2024-09-16 20:19:36,941 : INFO : SwitchController : Found active switch: ('52', <mpf.platforms.lisy.lisy.LisyHardwarePlatform object at 0x73b1ee19cdd0>) <switch.s_2_center_target>
2024-09-16 20:19:36,941 : INFO : SwitchController : Found active switch: ('56', <mpf.platforms.lisy.lisy.LisyHardwarePlatform object at 0x73b1ee19cdd0>) <switch.s_2_throught>
2024-09-16 20:19:36,941 : INFO : SwitchController : Found active switch: ('60', <mpf.platforms.lisy.lisy.LisyHardwarePlatform object at 0x73b1ee19cdd0>) <switch.s_3_top_target>
2024-09-16 20:19:36,941 : INFO : SwitchController : Found active switch: ('61', <mpf.platforms.lisy.lisy.LisyHardwarePlatform object at 0x73b1ee19cdd0>) <switch.s_3_right_target>
2024-09-16 20:19:36,942 : INFO : SwitchController : Found active switch: ('70', <mpf.platforms.lisy.lisy.LisyHardwarePlatform object at 0x73b1ee19cdd0>) <switch.s_4_top_grop_target>
2024-09-16 20:19:36,942 : INFO : SwitchController : Found active switch: ('73', <mpf.platforms.lisy.lisy.LisyHardwarePlatform object at 0x73b1ee19cdd0>) <switch.s_bottom_bumper>
2024-09-16 20:19:36,949 : INFO : EventManager : Event: ======'init_phase_3'====== Args={}
2024-09-16 20:19:36,951 : INFO : EventManager : Event: ======'init_phase_4'====== Args={}
2024-09-16 20:19:36,953 : INFO : EventManager : Event: ======'machine_var_audits_switches_s_left_return_rollover'====== Args={'value': 0, 'prev_value': None, 'change': True}
2024-09-16 20:19:36,954 : INFO : EventManager : Event: ======'machine_var_audits_switches_s_left_spot_target'====== Args={'value': 0, 'prev_value': None, 'change': True}
2024-09-16 20:19:36,954 : INFO : EventManager : Event: ======'machine_var_audits_switches_s_1_top_target'====== Args={'value': 0, 'prev_value': None, 'change': True}
2024-09-16 20:19:36,954 : INFO : EventManager : Event: ======'machine_var_audits_switches_s_1_left_target'====== Args={'value': 0, 'prev_value': None, 'change': True}
2024-09-16 20:19:36,954 : INFO : EventManager : Event: ======'machine_var_audits_switches_s_4_top_rollover'====== Args={'value': 0, 'prev_value': None, 'change': True}
2024-09-16 20:19:36,954 : INFO : EventManager : Event: ======'machine_var_audits_switches_s_replay'====== Args={'value': 0, 'prev_value': None, 'change': True}
2024-09-16 20:19:36,955 : INFO : EventManager : Event: ======'machine_var_audits_switches_s_left_coin'====== Args={'value': 0, 'prev_value': None, 'change': True}
2024-09-16 20:19:36,955 : INFO : EventManager : Event: ======'machine_var_audits_switches_s_right_return_rollover'====== Args={'value': 0, 'prev_value': None, 'change': True}
2024-09-16 20:19:36,955 : INFO : EventManager : Event: ======'machine_var_audits_switches_s_left_adv'====== Args={'value': 0, 'prev_value': None, 'change': True}
2024-09-16 20:19:36,955 : INFO : EventManager : Event: ======'machine_var_audits_switches_s_3_top_target'====== Args={'value': 0, 'prev_value': None, 'change': True}
2024-09-16 20:19:36,955 : INFO : EventManager : Event: ======'machine_var_audits_switches_s_1_right_target'====== Args={'value': 0, 'prev_value': None, 'change': True}
2024-09-16 20:19:36,955 : INFO : EventManager : Event: ======'machine_var_audits_switches_s_play_test_play'====== Args={'value': 0, 'prev_value': None, 'change': True}
2024-09-16 20:19:36,955 : INFO : EventManager : Event: ======'machine_var_audits_switches_s_3_right_target'====== Args={'value': 0, 'prev_value': None, 'change': True}
2024-09-16 20:19:36,955 : INFO : EventManager : Event: ======'machine_var_audits_switches_s_center_coin'====== Args={'value': 0, 'prev_value': None, 'change': True}
2024-09-16 20:19:36,956 : INFO : EventManager : Event: ======'machine_var_audits_switches_s_2_top_target'====== Args={'value': 0, 'prev_value': None, 'change': True}
2024-09-16 20:19:36,956 : INFO : EventManager : Event: ======'machine_var_audits_switches_s_outhole'====== Args={'value': 0, 'prev_value': None, 'change': True}
2024-09-16 20:19:36,956 : INFO : EventManager : Event: ======'machine_var_audits_switches_s_tilt'====== Args={'value': 0, 'prev_value': None, 'change': True}
2024-09-16 20:19:36,956 : INFO : EventManager : Event: ======'machine_var_audits_switches_s_top_right_rollunder'====== Args={'value': 0, 'prev_value': None, 'change': True}
2024-09-16 20:19:36,956 : INFO : EventManager : Event: ======'machine_var_audits_switches_s_kicking_2'====== Args={'value': 0, 'prev_value': None, 'change': True}
2024-09-16 20:19:36,957 : INFO : EventManager : Event: ======'machine_var_audits_switches_s_left_out_rollover'====== Args={'value': 0, 'prev_value': None, 'change': True}
2024-09-16 20:19:36,957 : INFO : EventManager : Event: ======'machine_var_audits_switches_s_stargate_rollover'====== Args={'value': 0, 'prev_value': None, 'change': True}
2024-09-16 20:19:36,957 : INFO : EventManager : Event: ======'machine_var_audits_switches_s_top_right_bumper'====== Args={'value': 0, 'prev_value': None, 'change': True}
2024-09-16 20:19:36,957 : INFO : EventManager : Event: ======'machine_var_audits_switches_s_1_top_rollover'====== Args={'value': 0, 'prev_value': None, 'change': True}
2024-09-16 20:19:36,957 : INFO : EventManager : Event: ======'machine_var_audits_switches_s_shooter_lane_rollover'====== Args={'value': 0, 'prev_value': None, 'change': True}
2024-09-16 20:19:36,957 : INFO : EventManager : Event: ======'machine_var_audits_switches_s_stargate_spot'====== Args={'value': 0, 'prev_value': None, 'change': True}
2024-09-16 20:19:36,957 : INFO : EventManager : Event: ======'machine_var_audits_switches_s_1_center_target'====== Args={'value': 0, 'prev_value': None, 'change': True}
2024-09-16 20:19:36,958 : INFO : EventManager : Event: ======'machine_var_audits_switches_s_2_center_target'====== Args={'value': 0, 'prev_value': None, 'change': True}
2024-09-16 20:19:36,958 : INFO : EventManager : Event: ======'machine_var_audits_switches_s_right_side_rollover'====== Args={'value': 0, 'prev_value': None, 'change': True}
2024-09-16 20:19:36,958 : INFO : EventManager : Event: ======'machine_var_audits_switches_s_spinner'====== Args={'value': 0, 'prev_value': None, 'change': True}
2024-09-16 20:19:36,958 : INFO : EventManager : Event: ======'machine_var_audits_switches_s_right_adv'====== Args={'value': 0, 'prev_value': None, 'change': True}
2024-09-16 20:19:36,958 : INFO : EventManager : Event: ======'machine_var_audits_switches_s_4_top_grop_target'====== Args={'value': 0, 'prev_value': None, 'change': True}
2024-09-16 20:19:36,958 : INFO : EventManager : Event: ======'machine_var_audits_switches_s_top_left_bumper'====== Args={'value': 0, 'prev_value': None, 'change': True}
2024-09-16 20:19:36,959 : INFO : EventManager : Event: ======'machine_var_audits_switches_s_right_flipper'====== Args={'value': 0, 'prev_value': None, 'change': True}
2024-09-16 20:19:36,959 : INFO : EventManager : Event: ======'machine_var_audits_switches_s_2_throught'====== Args={'value': 0, 'prev_value': None, 'change': True}
2024-09-16 20:19:36,959 : INFO : EventManager : Event: ======'machine_var_audits_switches_s_hole'====== Args={'value': 0, 'prev_value': None, 'change': True}
2024-09-16 20:19:36,959 : INFO : EventManager : Event: ======'machine_var_audits_switches_s_2_right_target'====== Args={'value': 0, 'prev_value': None, 'change': True}
2024-09-16 20:19:36,959 : INFO : EventManager : Event: ======'machine_var_audits_switches_s_3_top_rollover'====== Args={'value': 0, 'prev_value': None, 'change': True}
2024-09-16 20:19:36,959 : INFO : EventManager : Event: ======'machine_var_audits_switches_s_right_out_rollover'====== Args={'value': 0, 'prev_value': None, 'change': True}
2024-09-16 20:19:36,959 : INFO : EventManager : Event: ======'machine_var_audits_switches_s_right_coin'====== Args={'value': 0, 'prev_value': None, 'change': True}
2024-09-16 20:19:36,959 : INFO : EventManager : Event: ======'machine_var_audits_switches_s_2_top_rollover'====== Args={'value': 0, 'prev_value': None, 'change': True}
2024-09-16 20:19:36,959 : INFO : EventManager : Event: ======'machine_var_audits_switches_s_bottom_bumper'====== Args={'value': 0, 'prev_value': None, 'change': True}
2024-09-16 20:19:36,960 : INFO : EventManager : Event: ======'machine_var_audits_events_game_started'====== Args={'value': 0, 'prev_value': None, 'change': True}
2024-09-16 20:19:36,960 : INFO : EventManager : Event: ======'machine_var_audits_events_game_ended'====== Args={'value': 0, 'prev_value': None, 'change': True}
2024-09-16 20:19:36,960 : INFO : EventManager : Event: ======'machine_var_audits_player_score'====== Args={'value': {'top': [], 'average': 0, 'total': 0}, 'prev_value': None, 'change': True}
2024-09-16 20:19:36,960 : INFO : EventManager : Event: ======'init_phase_5'====== Args={}
2024-09-16 20:19:36,961 : INFO : EventManager : Event: ======'init_done'====== Args={}
2024-09-16 20:19:36,961 : ERROR : asyncio : Exception in callback Util.raise_exceptions(<Task finishe...ertionError()>) at /home/pinball/mpfenv/lib/python3.12/site-packages/mpf/core/utility_functions.py:790
handle: <Handle Util.raise_exceptions(<Task finishe...ertionError()>) at /home/pinball/mpfenv/lib/python3.12/site-packages/mpf/core/utility_functions.py:790>
Traceback (most recent call last):
  File "/usr/lib/python3.12/asyncio/events.py", line 88, in _run
    self._context.run(self._callback, *self._args)
  File "/home/pinball/mpfenv/lib/python3.12/site-packages/mpf/core/utility_functions.py", line 798, in raise_exceptions
    future.result()
  File "/home/pinball/mpfenv/lib/python3.12/site-packages/mpf/platforms/lisy/lisy.py", line 576, in _poll
    self.send_byte(LisyDefines.SwitchesGetChangedSwitches)
  File "/home/pinball/mpfenv/lib/python3.12/site-packages/mpf/platforms/lisy/lisy.py", line 783, in send_byte
    assert self._writer is not None
           ^^^^^^^^^^^^^^^^^^^^^^^^
AssertionError
2024-09-16 20:19:36,963 : INFO : EventManager : Event: ======'machine_reset_phase_1'====== Args={}
2024-09-16 20:19:36,963 : INFO : EventManager : Event: ======'machine_reset_phase_2'====== Args={}
2024-09-16 20:19:36,963 : INFO : EventManager : Event: ======'machine_reset_phase_3'====== Args={}
2024-09-16 20:19:36,964 : INFO : EventManager : Event: ======'reset_complete'====== Args={}
2024-09-16 20:19:36,964 : INFO : EventManager : Event: ======'mode_attract_will_start'====== Args={}
2024-09-16 20:19:36,964 : INFO : EventManager : Event: ======'mode_attract_starting'====== Args={}
2024-09-16 20:19:36,964 : INFO : Mode.attract : Will not start because machine is shutting down.
2024-09-16 20:19:37,045 : ERROR : Machine : Runtime Exception
Traceback (most recent call last):
  File "/home/pinball/mpfenv/lib/python3.12/site-packages/mpf/devices/segment_display/segment_display.py", line 94, in _initialize
    self.hw_display = await self.platform.configure_segment_display(self.config['number'],
                      ^^^^^^^^^^^^^^^^^^^^^^^^^^^^^^^^^^^^^^^^^^^^^^^^^^^^^^^^^^^^^^^^^^^^
  File "/home/pinball/mpfenv/lib/python3.12/site-packages/mpf/platforms/lisy/lisy.py", line 772, in configure_segment_display
    await display.initialize()
  File "/home/pinball/mpfenv/lib/python3.12/site-packages/mpf/platforms/lisy/lisy.py", line 202, in initialize
    raise AssertionError("Display {} is configured as length {} but hardware reports as {}.".format(
AssertionError: Display 1 is configured as length 8 but hardware reports as 20.

The above exception was the direct cause of the following exception:

Traceback (most recent call last):
  File "/home/pinball/mpfenv/lib/python3.12/site-packages/mpf/core/machine.py", line 793, in _run_loop
    raise self._exception['exception']
  File "/home/pinball/mpfenv/lib/python3.12/site-packages/mpf/core/system_wide_device.py", line 17, in device_added_system_wide
    await self._initialize()
  File "/home/pinball/mpfenv/lib/python3.12/site-packages/mpf/devices/segment_display/segment_display.py", line 98, in _initialize
    raise AssertionError("Error in platform while configuring segment display {}. "
AssertionError: Error in platform while configuring segment display player1_display. See error above.
2024-09-16 20:19:37,048 : INFO : root : MPF run loop ended.
